<?xml version="1.0" encoding="utf-8"?><testsuite errors="0" failures="2" name="pytest" skips="0" tests="126" time="2.026"><testcase classname="bonsai_cli.test_api.TestBonsaiApi" file="bonsai_cli/test_api.py" line="910" name="testConnectionError" time="0.00365686416626"></testcase><testcase classname="bonsai_cli.test_api.TestBonsaiApi" file="bonsai_cli/test_api.py" line="117" name="testCreateBrain" time="0.00233817100525"></testcase><testcase classname="bonsai_cli.test_api.TestBonsaiApi" file="bonsai_cli/test_api.py" line="141" name="testCreateBrainUrlJoining" time="0.00373911857605"></testcase><testcase classname="bonsai_cli.test_api.TestBonsaiApi" file="bonsai_cli/test_api.py" line="199" name="testCreateBrainWithProject" time="0.00249290466309"></testcase><testcase classname="bonsai_cli.test_api.TestBonsaiApi" file="bonsai_cli/test_api.py" line="174" name="testCreateBrainWithProjectType" time="0.00233006477356"></testcase><testcase classname="bonsai_cli.test_api.TestBonsaiApi" file="bonsai_cli/test_api.py" line="604" name="testDeleteBrain" time="0.00217700004578"></testcase><testcase classname="bonsai_cli.test_api.TestBonsaiApi" file="bonsai_cli/test_api.py" line="668" name="testDeleteBrainRaiseError" time="0.00200366973877"></testcase><testcase classname="bonsai_cli.test_api.TestBonsaiApi" file="bonsai_cli/test_api.py" line="637" name="testDeleteBrainUrlJoining" time="0.002769947052"></testcase><testcase classname="bonsai_cli.test_api.TestBonsaiApi" file="bonsai_cli/test_api.py" line="845" name="testEditBrain" time="0.00295996665955"></testcase><testcase classname="bonsai_cli.test_api.TestBonsaiApi" file="bonsai_cli/test_api.py" line="864" name="testEditBrainUrlJoining" time="0.0046591758728"></testcase><testcase classname="bonsai_cli.test_api.TestBonsaiApi" file="bonsai_cli/test_api.py" line="539" name="testGetBrainFiles" time="0.00454258918762"></testcase><testcase classname="bonsai_cli.test_api.TestBonsaiApi" file="bonsai_cli/test_api.py" line="569" name="testGetBrainFilesUrlJoining" time="0.00297379493713"></testcase><testcase classname="bonsai_cli.test_api.TestBonsaiApi" file="bonsai_cli/test_api.py" line="353" name="testGetBrainStatus" time="0.00297880172729"></testcase><testcase classname="bonsai_cli.test_api.TestBonsaiApi" file="bonsai_cli/test_api.py" line="386" name="testGetBrainStatusUrlJoining" time="0.0031681060791"></testcase><testcase classname="bonsai_cli.test_api.TestBonsaiApi" file="bonsai_cli/test_api.py" line="415" name="testGetSimLogs" time="0.00213813781738"></testcase><testcase classname="bonsai_cli.test_api.TestBonsaiApi" file="bonsai_cli/test_api.py" line="444" name="testGetSimsLogsUrlJoining" time="0.00204491615295"></testcase><testcase classname="bonsai_cli.test_api.TestBonsaiApi" file="bonsai_cli/test_api.py" line="240" name="testListBrains" time="0.00194621086121"></testcase><testcase classname="bonsai_cli.test_api.TestBonsaiApi" file="bonsai_cli/test_api.py" line="300" name="testListBrainsRaiseError" time="0.00172805786133"></testcase><testcase classname="bonsai_cli.test_api.TestBonsaiApi" file="bonsai_cli/test_api.py" line="271" name="testListBrainsUrlJoining" time="0.00747871398926"></testcase><testcase classname="bonsai_cli.test_api.TestBonsaiApi" file="bonsai_cli/test_api.py" line="473" name="testListSims" time="0.00218296051025"></testcase><testcase classname="bonsai_cli.test_api.TestBonsaiApi" file="bonsai_cli/test_api.py" line="510" name="testListSimsUrlJoining" time="0.00317311286926"></testcase><testcase classname="bonsai_cli.test_api.TestBonsaiApi" file="bonsai_cli/test_api.py" line="954" name="testLogging" time="0.00305318832397"><system-out>Error received for &apos;None/v1/fakeuser/fakebrain/v2/sims/cartpole/logs/ws&apos;: &apos;url is invalid&apos;
</system-out></testcase><testcase classname="bonsai_cli.test_api.TestBonsaiApi" file="bonsai_cli/test_api.py" line="962" name="testLoggingKeyboardInterrupt" time="0.00414991378784"></testcase><testcase classname="bonsai_cli.test_api.TestBonsaiApi" file="bonsai_cli/test_api.py" line="219" name="testPostRawDataError" time="0.00229334831238"></testcase><testcase classname="bonsai_cli.test_api.TestBonsaiApi" file="bonsai_cli/test_api.py" line="889" name="testPutRawDataHTTPError" time="0.00192713737488"></testcase><testcase classname="bonsai_cli.test_api.TestBonsaiApi" file="bonsai_cli/test_api.py" line="933" name="testRedirectError" time="0.00277733802795"></testcase><testcase classname="bonsai_cli.test_api.TestBonsaiApi" file="bonsai_cli/test_api.py" line="326" name="testReturnEmptyJson" time="0.0036838054657"></testcase><testcase classname="bonsai_cli.test_api.TestBonsaiApi" file="bonsai_cli/test_api.py" line="696" name="testStartTrainingBrain" time="0.00252914428711"></testcase><testcase classname="bonsai_cli.test_api.TestBonsaiApi" file="bonsai_cli/test_api.py" line="723" name="testStartTrainingBrainUrlJoining" time="0.00251889228821"></testcase><testcase classname="bonsai_cli.test_api.TestBonsaiApi" file="bonsai_cli/test_api.py" line="756" name="testStopTrainingBrain" time="0.00266623497009"></testcase><testcase classname="bonsai_cli.test_api.TestBonsaiApi" file="bonsai_cli/test_api.py" line="816" name="testStopTrainingBrainRaiseError" time="0.00223994255066"></testcase><testcase classname="bonsai_cli.test_api.TestBonsaiApi" file="bonsai_cli/test_api.py" line="783" name="testStopTrainingBrainUrlJoining" time="0.00344109535217"></testcase><testcase classname="bonsai_cli.test_api.TestBonsaiApi" file="bonsai_cli/test_api.py" line="26" name="testValidate" time="0.00200319290161"></testcase><testcase classname="bonsai_cli.test_api.TestBonsaiApi" file="bonsai_cli/test_api.py" line="88" name="testValidateRaiseError" time="0.00249409675598"></testcase><testcase classname="bonsai_cli.test_api.TestBonsaiApi" file="bonsai_cli/test_api.py" line="55" name="testValidateUrlJoining" time="0.00268697738647"></testcase><testcase classname="bonsai_cli.test_bonsai.TestBrainCommand" file="bonsai_cli/test_bonsai.py" line="48" name="test_missing_access_key" time="0.0114839076996"></testcase><testcase classname="bonsai_cli.test_bonsai.TestBrainCommand" file="bonsai_cli/test_bonsai.py" line="53" name="test_missing_parameter_create" time="0.00467300415039"></testcase><testcase classname="bonsai_cli.test_bonsai.TestBrainCommand" file="bonsai_cli/test_bonsai.py" line="58" name="test_missing_parameter_delete" time="0.00177621841431"></testcase><testcase classname="bonsai_cli.test_bonsai.TestMockedBrainCommand" file="bonsai_cli/test_bonsai.py" line="453" name="test_bonsai_configure" time="0.01238322258"></testcase><testcase classname="bonsai_cli.test_bonsai.TestMockedBrainCommand" file="bonsai_cli/test_bonsai.py" line="478" name="test_bonsai_configure_key_option" time="0.0110399723053"></testcase><testcase classname="bonsai_cli.test_bonsai.TestMockedBrainCommand" file="bonsai_cli/test_bonsai.py" line="501" name="test_bonsai_configure_show_option" time="0.00902795791626"></testcase><testcase classname="bonsai_cli.test_bonsai.TestMockedBrainCommand" file="bonsai_cli/test_bonsai.py" line="519" name="test_bonsai_switch_new_profile" time="0.00915598869324"></testcase><testcase classname="bonsai_cli.test_bonsai.TestMockedBrainCommand" file="bonsai_cli/test_bonsai.py" line="557" name="test_bonsai_switch_prints_available_profiles" time="0.0181529521942"></testcase><testcase classname="bonsai_cli.test_bonsai.TestMockedBrainCommand" file="bonsai_cli/test_bonsai.py" line="545" name="test_bonsai_switch_profile_with_show_option" time="0.0135982036591"></testcase><testcase classname="bonsai_cli.test_bonsai.TestMockedBrainCommand" file="bonsai_cli/test_bonsai.py" line="571" name="test_bonsai_switch_show_prints_active_profile" time="0.0110061168671"></testcase><testcase classname="bonsai_cli.test_bonsai.TestMockedBrainCommand" file="bonsai_cli/test_bonsai.py" line="534" name="test_bonsai_switch_valid_profile" time="0.0112919807434"></testcase><testcase classname="bonsai_cli.test_bonsai.TestMockedBrainCommand" file="bonsai_cli/test_bonsai.py" line="221" name="test_brain_create" time="0.0184428691864"></testcase><testcase classname="bonsai_cli.test_bonsai.TestMockedBrainCommand" file="bonsai_cli/test_bonsai.py" line="258" name="test_brain_create_default_brain" time="0.00396800041199"></testcase><testcase classname="bonsai_cli.test_bonsai.TestMockedBrainCommand" file="bonsai_cli/test_bonsai.py" line="340" name="test_brain_create_invalid_dotbrains" time="0.00640082359314"></testcase><testcase classname="bonsai_cli.test_bonsai.TestMockedBrainCommand" file="bonsai_cli/test_bonsai.py" line="425" name="test_brain_create_invalid_json" time="0.00648474693298"></testcase><testcase classname="bonsai_cli.test_bonsai.TestMockedBrainCommand" file="bonsai_cli/test_bonsai.py" line="326" name="test_brain_create_invalid_project_file" time="0.00647211074829"></testcase><testcase classname="bonsai_cli.test_bonsai.TestMockedBrainCommand" file="bonsai_cli/test_bonsai.py" line="272" name="test_brain_create_json_option" time="0.00789403915405"></testcase><testcase classname="bonsai_cli.test_bonsai.TestMockedBrainCommand" file="bonsai_cli/test_bonsai.py" line="1077" name="test_brain_create_sets_default" time="0.00910091400146"></testcase><testcase classname="bonsai_cli.test_bonsai.TestMockedBrainCommand" file="bonsai_cli/test_bonsai.py" line="284" name="test_brain_create_with_existing_project_file" time="0.0110087394714"></testcase><testcase classname="bonsai_cli.test_bonsai.TestMockedBrainCommand" file="bonsai_cli/test_bonsai.py" line="351" name="test_brain_create_with_project_type" time="0.0120770931244"></testcase><testcase classname="bonsai_cli.test_bonsai.TestMockedBrainCommand" file="bonsai_cli/test_bonsai.py" line="406" name="test_brain_create_with_project_type_nonempty_directory" time="0.0058810710907"></testcase><testcase classname="bonsai_cli.test_bonsai.TestMockedBrainCommand" file="bonsai_cli/test_bonsai.py" line="376" name="test_brain_create_with_unknown_project_type" time="0.00735712051392"></testcase><testcase classname="bonsai_cli.test_bonsai.TestMockedBrainCommand" file="bonsai_cli/test_bonsai.py" line="196" name="test_brain_delete" time="0.00664615631104"></testcase><testcase classname="bonsai_cli.test_bonsai.TestMockedBrainCommand" file="bonsai_cli/test_bonsai.py" line="84" name="test_brain_download" time="0.00906109809875"></testcase><testcase classname="bonsai_cli.test_bonsai.TestMockedBrainCommand" file="bonsai_cli/test_bonsai.py" line="107" name="test_brain_download_invalid_dotbrains" time="0.00600576400757"></testcase><testcase classname="bonsai_cli.test_bonsai.TestMockedBrainCommand" file="bonsai_cli/test_bonsai.py" line="641" name="test_brain_list_json_option" time="0.00206279754639"></testcase><testcase classname="bonsai_cli.test_bonsai.TestMockedBrainCommand" file="bonsai_cli/test_bonsai.py" line="614" name="test_brain_list_no_dotbrains" time="0.00351905822754"></testcase><testcase classname="bonsai_cli.test_bonsai.TestMockedBrainCommand" file="bonsai_cli/test_bonsai.py" line="583" name="test_brain_list_with_dotbrains" time="0.00556206703186"></testcase><testcase classname="bonsai_cli.test_bonsai.TestMockedBrainCommand" file="bonsai_cli/test_bonsai.py" line="1123" name="test_brain_option_sims_list" time="0.0123174190521"></testcase><testcase classname="bonsai_cli.test_bonsai.TestMockedBrainCommand" file="bonsai_cli/test_bonsai.py" line="1126" name="test_brain_option_train_start" time="0.0179193019867"></testcase><testcase classname="bonsai_cli.test_bonsai.TestMockedBrainCommand" file="bonsai_cli/test_bonsai.py" line="1136" name="test_brain_option_train_status" time="0.0131800174713"></testcase><testcase classname="bonsai_cli.test_bonsai.TestMockedBrainCommand" file="bonsai_cli/test_bonsai.py" line="1133" name="test_brain_option_train_stop" time="0.0121948719025"></testcase><testcase classname="bonsai_cli.test_bonsai.TestMockedBrainCommand" file="bonsai_cli/test_bonsai.py" line="118" name="test_brain_pull_all" time="0.00920701026917"></testcase><testcase classname="bonsai_cli.test_bonsai.TestMockedBrainCommand" file="bonsai_cli/test_bonsai.py" line="174" name="test_brain_pull_fail" time="0.00775480270386"></testcase><testcase classname="bonsai_cli.test_bonsai.TestMockedBrainCommand" file="bonsai_cli/test_bonsai.py" line="184" name="test_brain_pull_invalid_brains" time="0.00727009773254"></testcase><testcase classname="bonsai_cli.test_bonsai.TestMockedBrainCommand" file="bonsai_cli/test_bonsai.py" line="155" name="test_brain_pull_no" time="0.00842976570129"></testcase><testcase classname="bonsai_cli.test_bonsai.TestMockedBrainCommand" file="bonsai_cli/test_bonsai.py" line="136" name="test_brain_pull_yes" time="0.0091347694397"></testcase><testcase classname="bonsai_cli.test_bonsai.TestMockedBrainCommand" file="bonsai_cli/test_bonsai.py" line="655" name="test_brain_push" time="0.0116221904755"></testcase><testcase classname="bonsai_cli.test_bonsai.TestMockedBrainCommand" file="bonsai_cli/test_bonsai.py" line="827" name="test_brain_push_invalid_dotbrains" time="0.00725698471069"></testcase><testcase classname="bonsai_cli.test_bonsai.TestMockedBrainCommand" file="bonsai_cli/test_bonsai.py" line="788" name="test_brain_push_invalid_inkling" time="0.0104298591614"></testcase><testcase classname="bonsai_cli.test_bonsai.TestMockedBrainCommand" file="bonsai_cli/test_bonsai.py" line="755" name="test_brain_push_invalid_json_in_projfile" time="0.00782799720764"></testcase><testcase classname="bonsai_cli.test_bonsai.TestMockedBrainCommand" file="bonsai_cli/test_bonsai.py" line="884" name="test_brain_push_invalid_project_file" time="0.00801396369934"></testcase><testcase classname="bonsai_cli.test_bonsai.TestMockedBrainCommand" file="bonsai_cli/test_bonsai.py" line="704" name="test_brain_push_json_option" time="0.0089066028595"></testcase><testcase classname="bonsai_cli.test_bonsai.TestMockedBrainCommand" file="bonsai_cli/test_bonsai.py" line="774" name="test_brain_push_no_project_file" time="0.00774788856506"></testcase><testcase classname="bonsai_cli.test_bonsai.TestMockedBrainCommand" file="bonsai_cli/test_bonsai.py" line="838" name="test_project_option_brain_create" time="0.0105359554291"></testcase><testcase classname="bonsai_cli.test_bonsai.TestMockedBrainCommand" file="bonsai_cli/test_bonsai.py" line="858" name="test_project_option_brain_push" time="0.0103049278259"></testcase><testcase classname="bonsai_cli.test_bonsai.TestMockedBrainCommand" file="bonsai_cli/test_bonsai.py" line="1233" name="test_project_option_missing_directory" time="0.00673580169678"></testcase><testcase classname="bonsai_cli.test_bonsai.TestMockedBrainCommand" file="bonsai_cli/test_bonsai.py" line="1222" name="test_project_option_missing_dotbrains" time="0.00643396377563"></testcase><testcase classname="bonsai_cli.test_bonsai.TestMockedBrainCommand" file="bonsai_cli/test_bonsai.py" line="1202" name="test_project_option_sims_list" time="0.00765109062195"></testcase><testcase classname="bonsai_cli.test_bonsai.TestMockedBrainCommand" file="bonsai_cli/test_bonsai.py" line="1192" name="test_project_option_train_start" time="0.00951504707336"></testcase><testcase classname="bonsai_cli.test_bonsai.TestMockedBrainCommand" file="bonsai_cli/test_bonsai.py" line="1189" name="test_project_option_train_status" time="0.00772595405579"></testcase><testcase classname="bonsai_cli.test_bonsai.TestMockedBrainCommand" file="bonsai_cli/test_bonsai.py" line="1199" name="test_project_option_train_stop" time="0.00854015350342"></testcase><testcase classname="bonsai_cli.test_bonsai.TestMockedBrainCommand" file="bonsai_cli/test_bonsai.py" line="1205" name="test_project_option_with_brain" time="0.00793290138245"></testcase><testcase classname="bonsai_cli.test_bonsai.TestMockedBrainCommand" file="bonsai_cli/test_bonsai.py" line="1161" name="test_sims_list_invalid_dotbrains" time="0.00727510452271"></testcase><testcase classname="bonsai_cli.test_bonsai.TestMockedBrainCommand" file="bonsai_cli/test_bonsai.py" line="1060" name="test_sims_list_json_option" time="0.00830149650574"></testcase><testcase classname="bonsai_cli.test_bonsai.TestMockedBrainCommand" file="bonsai_cli/test_bonsai.py" line="1243" name="test_timeout_option" time="0.00390291213989"></testcase><testcase classname="bonsai_cli.test_bonsai.TestMockedBrainCommand" file="bonsai_cli/test_bonsai.py" line="979" name="test_train_resume" time="0.0115098953247"></testcase><testcase classname="bonsai_cli.test_bonsai.TestMockedBrainCommand" file="bonsai_cli/test_bonsai.py" line="1032" name="test_train_resume_invalid_dotbrains" time="0.00684905052185"></testcase><testcase classname="bonsai_cli.test_bonsai.TestMockedBrainCommand" file="bonsai_cli/test_bonsai.py" line="996" name="test_train_resume_json_option" time="0.0074360370636"></testcase><testcase classname="bonsai_cli.test_bonsai.TestMockedBrainCommand" file="bonsai_cli/test_bonsai.py" line="1015" name="test_train_resume_remote" time="0.0101630687714"></testcase><testcase classname="bonsai_cli.test_bonsai.TestMockedBrainCommand" file="bonsai_cli/test_bonsai.py" line="900" name="test_train_start" time="0.0102260112762"></testcase><testcase classname="bonsai_cli.test_bonsai.TestMockedBrainCommand" file="bonsai_cli/test_bonsai.py" line="932" name="test_train_start_invalid_dotbrains" time="0.0065929889679"></testcase><testcase classname="bonsai_cli.test_bonsai.TestMockedBrainCommand" file="bonsai_cli/test_bonsai.py" line="943" name="test_train_start_json_option" time="0.00796699523926"></testcase><testcase classname="bonsai_cli.test_bonsai.TestMockedBrainCommand" file="bonsai_cli/test_bonsai.py" line="916" name="test_train_start_remote" time="0.0116090774536"></testcase><testcase classname="bonsai_cli.test_bonsai.TestMockedBrainCommand" file="bonsai_cli/test_bonsai.py" line="1139" name="test_train_status_invalid_dotbrains" time="0.00691223144531"></testcase><testcase classname="bonsai_cli.test_bonsai.TestMockedBrainCommand" file="bonsai_cli/test_bonsai.py" line="1043" name="test_train_status_json_option" time="0.00736474990845"></testcase><testcase classname="bonsai_cli.test_bonsai.TestMockedBrainCommand" file="bonsai_cli/test_bonsai.py" line="1150" name="test_train_stop_invalid_dotbrains" time="0.00744891166687"></testcase><testcase classname="bonsai_cli.test_bonsai.TestMockedBrainCommand" file="bonsai_cli/test_bonsai.py" line="961" name="test_train_stop_json_option" time="0.00842428207397"></testcase><testcase classname="bonsai_cli.test_bonsai.TestPyPiVersionRequest" file="bonsai_cli/test_bonsai.py" line="1273" name="test_get_pypi_version_invalid_url" time="0.0010290145874"></testcase><testcase classname="bonsai_cli.test_bonsai.TestPyPiVersionRequest" file="bonsai_cli/test_bonsai.py" line="1267" name="test_get_pypi_version_valid_url" time="0.00106287002563"></testcase><testcase classname="bonsai_cli.test_bonsai.TestPyPiVersionRequest" file="bonsai_cli/test_bonsai.py" line="1279" name="test_request_fail_cli_output" time="0.00208020210266"></testcase><testcase classname="bonsai_cli.test_bonsai.TestPyPiVersionRequest" file="bonsai_cli/test_bonsai.py" line="1286" name="test_version_not_up_to_date_cli_output" time="0.00172209739685"></testcase><testcase classname="bonsai_cli.test_bonsai.TestPyPiVersionRequest" file="bonsai_cli/test_bonsai.py" line="1293" name="test_version_up_to_date_cli_output" time="0.00229406356812"></testcase><testcase classname="bonsai_cli.test_bonsai.TestSysInfo" file="bonsai_cli/test_bonsai.py" line="1315" name="test_no_dotbonsai" time="0.018345117569"><failure message="AssertionError: -1 != 0">self = &lt;bonsai_cli.test_bonsai.TestSysInfo testMethod=test_no_dotbonsai&gt;

    def test_no_dotbonsai(self):
        with self.runner.isolated_filesystem():
            # store current .bonsai in isolated_filesystem
            path = os.path.expanduser(&apos;~/.bonsai&apos;)
            if os.path.isfile(path):
                copyfile(path, self.BONSAI_BACKUP)
                os.remove(path)
    
            result = self.runner.invoke(cli, [&apos;--sysinfo&apos;])
&gt;           self.assertEqual(result.exit_code, SUCCESS_EXIT_CODE)
E           AssertionError: -1 != 0

bonsai_cli/test_bonsai.py:1325: AssertionError</failure></testcase><testcase classname="bonsai_cli.test_bonsai.TestSysInfo" file="bonsai_cli/test_bonsai.py" line="1308" name="test_sysinfo" time="0.00195693969727"><failure message="AssertionError: -1 != 0">self = &lt;bonsai_cli.test_bonsai.TestSysInfo testMethod=test_sysinfo&gt;

    def test_sysinfo(self):
        result = self.runner.invoke(cli, [&apos;--sysinfo&apos;])
&gt;       self.assertEqual(result.exit_code, SUCCESS_EXIT_CODE)
E       AssertionError: -1 != 0

bonsai_cli/test_bonsai.py:1311: AssertionError</failure></testcase><testcase classname="bonsai_cli.test_dotbrains.TestDotBrains" file="bonsai_cli/test_dotbrains.py" line="18" name="test_add_brain" time="0.00249028205872"></testcase><testcase classname="bonsai_cli.test_dotbrains.TestDotBrains" file="bonsai_cli/test_dotbrains.py" line="33" name="test_change_default" time="0.00373482704163"></testcase><testcase classname="bonsai_cli.test_dotbrains.TestDotBrains" file="bonsai_cli/test_dotbrains.py" line="13" name="test_dotbrains_does_not_exist" time="0.0012800693512"></testcase><testcase classname="bonsai_cli.test_dotbrains.TestDotBrains" file="bonsai_cli/test_dotbrains.py" line="48" name="test_get_default" time="0.00269174575806"></testcase><testcase classname="bonsai_cli.test_projfile.TestProjectFile" file="bonsai_cli/test_projfile.py" line="155" name="test_glob_advanced" time="0.00316190719604"></testcase><testcase classname="bonsai_cli.test_projfile.TestProjectFile" file="bonsai_cli/test_projfile.py" line="135" name="test_glob_specified" time="0.0024688243866"></testcase><testcase classname="bonsai_cli.test_projfile.TestProjectFile" file="bonsai_cli/test_projfile.py" line="37" name="test_inkling_conflict" time="0.00158476829529"></testcase><testcase classname="bonsai_cli.test_projfile.TestProjectFile" file="bonsai_cli/test_projfile.py" line="107" name="test_inkling_glob" time="0.0015881061554"></testcase><testcase classname="bonsai_cli.test_projfile.TestProjectFile" file="bonsai_cli/test_projfile.py" line="23" name="test_inkling_specified" time="0.0017511844635"></testcase><testcase classname="bonsai_cli.test_projfile.TestProjectFile" file="bonsai_cli/test_projfile.py" line="46" name="test_inkling_subdir" time="0.00225400924683"></testcase><testcase classname="bonsai_cli.test_projfile.TestProjectFile" file="bonsai_cli/test_projfile.py" line="31" name="test_missing_inkling" time="0.00111508369446"></testcase><testcase classname="bonsai_cli.test_projfile.TestProjectFile" file="bonsai_cli/test_projfile.py" line="56" name="test_outside_dir" time="0.00238299369812"></testcase><testcase classname="bonsai_cli.test_projfile.TestProjectFile" file="bonsai_cli/test_projfile.py" line="118" name="test_recursive_glob" time="0.00245308876038"></testcase><testcase classname="bonsai_cli.test_projfile.TestProjectFile" file="bonsai_cli/test_projfile.py" line="14" name="test_single_inkling" time="0.00180983543396"></testcase><testcase classname="bonsai_cli.test_projfile.TestProjectFile" file="bonsai_cli/test_projfile.py" line="90" name="test_wildcard_does_not_include_git_files" time="0.00248003005981"></testcase><testcase classname="bonsai_cli.test_projfile.TestProjectFile" file="bonsai_cli/test_projfile.py" line="72" name="test_write_same_order_files" time="0.00374627113342"></testcase></testsuite>