<?xml version="1.0" encoding="utf-8"?><testsuite errors="0" failures="2" name="pytest" skips="0" tests="126" time="1.844"><testcase classname="bonsai_cli.test_api.TestBonsaiApi" file="bonsai_cli/test_api.py" line="910" name="testConnectionError" time="0.00280404090881"></testcase><testcase classname="bonsai_cli.test_api.TestBonsaiApi" file="bonsai_cli/test_api.py" line="117" name="testCreateBrain" time="0.00187802314758"></testcase><testcase classname="bonsai_cli.test_api.TestBonsaiApi" file="bonsai_cli/test_api.py" line="141" name="testCreateBrainUrlJoining" time="0.00206637382507"></testcase><testcase classname="bonsai_cli.test_api.TestBonsaiApi" file="bonsai_cli/test_api.py" line="199" name="testCreateBrainWithProject" time="0.00210380554199"></testcase><testcase classname="bonsai_cli.test_api.TestBonsaiApi" file="bonsai_cli/test_api.py" line="174" name="testCreateBrainWithProjectType" time="0.00167202949524"></testcase><testcase classname="bonsai_cli.test_api.TestBonsaiApi" file="bonsai_cli/test_api.py" line="604" name="testDeleteBrain" time="0.00168895721436"></testcase><testcase classname="bonsai_cli.test_api.TestBonsaiApi" file="bonsai_cli/test_api.py" line="668" name="testDeleteBrainRaiseError" time="0.00156903266907"></testcase><testcase classname="bonsai_cli.test_api.TestBonsaiApi" file="bonsai_cli/test_api.py" line="637" name="testDeleteBrainUrlJoining" time="0.00169610977173"></testcase><testcase classname="bonsai_cli.test_api.TestBonsaiApi" file="bonsai_cli/test_api.py" line="845" name="testEditBrain" time="0.00184392929077"></testcase><testcase classname="bonsai_cli.test_api.TestBonsaiApi" file="bonsai_cli/test_api.py" line="864" name="testEditBrainUrlJoining" time="0.00227379798889"></testcase><testcase classname="bonsai_cli.test_api.TestBonsaiApi" file="bonsai_cli/test_api.py" line="539" name="testGetBrainFiles" time="0.00240397453308"></testcase><testcase classname="bonsai_cli.test_api.TestBonsaiApi" file="bonsai_cli/test_api.py" line="569" name="testGetBrainFilesUrlJoining" time="0.00173878669739"></testcase><testcase classname="bonsai_cli.test_api.TestBonsaiApi" file="bonsai_cli/test_api.py" line="353" name="testGetBrainStatus" time="0.00142979621887"></testcase><testcase classname="bonsai_cli.test_api.TestBonsaiApi" file="bonsai_cli/test_api.py" line="386" name="testGetBrainStatusUrlJoining" time="0.00183796882629"></testcase><testcase classname="bonsai_cli.test_api.TestBonsaiApi" file="bonsai_cli/test_api.py" line="415" name="testGetSimLogs" time="0.00145816802979"></testcase><testcase classname="bonsai_cli.test_api.TestBonsaiApi" file="bonsai_cli/test_api.py" line="444" name="testGetSimsLogsUrlJoining" time="0.0018470287323"></testcase><testcase classname="bonsai_cli.test_api.TestBonsaiApi" file="bonsai_cli/test_api.py" line="240" name="testListBrains" time="0.00145101547241"></testcase><testcase classname="bonsai_cli.test_api.TestBonsaiApi" file="bonsai_cli/test_api.py" line="300" name="testListBrainsRaiseError" time="0.00156998634338"></testcase><testcase classname="bonsai_cli.test_api.TestBonsaiApi" file="bonsai_cli/test_api.py" line="271" name="testListBrainsUrlJoining" time="0.00228905677795"></testcase><testcase classname="bonsai_cli.test_api.TestBonsaiApi" file="bonsai_cli/test_api.py" line="473" name="testListSims" time="0.00188302993774"></testcase><testcase classname="bonsai_cli.test_api.TestBonsaiApi" file="bonsai_cli/test_api.py" line="510" name="testListSimsUrlJoining" time="0.00223302841187"></testcase><testcase classname="bonsai_cli.test_api.TestBonsaiApi" file="bonsai_cli/test_api.py" line="954" name="testLogging" time="0.00268793106079"><system-out>Error received for &apos;None/v1/fakeuser/fakebrain/v2/sims/cartpole/logs/ws&apos;: &apos;url is invalid&apos;
</system-out></testcase><testcase classname="bonsai_cli.test_api.TestBonsaiApi" file="bonsai_cli/test_api.py" line="962" name="testLoggingKeyboardInterrupt" time="0.00426506996155"></testcase><testcase classname="bonsai_cli.test_api.TestBonsaiApi" file="bonsai_cli/test_api.py" line="219" name="testPostRawDataError" time="0.0018482208252"></testcase><testcase classname="bonsai_cli.test_api.TestBonsaiApi" file="bonsai_cli/test_api.py" line="889" name="testPutRawDataHTTPError" time="0.0018150806427"></testcase><testcase classname="bonsai_cli.test_api.TestBonsaiApi" file="bonsai_cli/test_api.py" line="933" name="testRedirectError" time="0.00209903717041"></testcase><testcase classname="bonsai_cli.test_api.TestBonsaiApi" file="bonsai_cli/test_api.py" line="326" name="testReturnEmptyJson" time="0.00156998634338"></testcase><testcase classname="bonsai_cli.test_api.TestBonsaiApi" file="bonsai_cli/test_api.py" line="696" name="testStartTrainingBrain" time="0.00212574005127"></testcase><testcase classname="bonsai_cli.test_api.TestBonsaiApi" file="bonsai_cli/test_api.py" line="723" name="testStartTrainingBrainUrlJoining" time="0.00211596488953"></testcase><testcase classname="bonsai_cli.test_api.TestBonsaiApi" file="bonsai_cli/test_api.py" line="756" name="testStopTrainingBrain" time="0.00182604789734"></testcase><testcase classname="bonsai_cli.test_api.TestBonsaiApi" file="bonsai_cli/test_api.py" line="816" name="testStopTrainingBrainRaiseError" time="0.00705790519714"></testcase><testcase classname="bonsai_cli.test_api.TestBonsaiApi" file="bonsai_cli/test_api.py" line="783" name="testStopTrainingBrainUrlJoining" time="0.00176787376404"></testcase><testcase classname="bonsai_cli.test_api.TestBonsaiApi" file="bonsai_cli/test_api.py" line="26" name="testValidate" time="0.00185704231262"></testcase><testcase classname="bonsai_cli.test_api.TestBonsaiApi" file="bonsai_cli/test_api.py" line="88" name="testValidateRaiseError" time="0.00178408622742"></testcase><testcase classname="bonsai_cli.test_api.TestBonsaiApi" file="bonsai_cli/test_api.py" line="55" name="testValidateUrlJoining" time="0.00235223770142"></testcase><testcase classname="bonsai_cli.test_bonsai.TestBrainCommand" file="bonsai_cli/test_bonsai.py" line="48" name="test_missing_access_key" time="0.00541114807129"></testcase><testcase classname="bonsai_cli.test_bonsai.TestBrainCommand" file="bonsai_cli/test_bonsai.py" line="53" name="test_missing_parameter_create" time="0.00469899177551"></testcase><testcase classname="bonsai_cli.test_bonsai.TestBrainCommand" file="bonsai_cli/test_bonsai.py" line="58" name="test_missing_parameter_delete" time="0.00244426727295"></testcase><testcase classname="bonsai_cli.test_bonsai.TestMockedBrainCommand" file="bonsai_cli/test_bonsai.py" line="453" name="test_bonsai_configure" time="0.0179584026337"></testcase><testcase classname="bonsai_cli.test_bonsai.TestMockedBrainCommand" file="bonsai_cli/test_bonsai.py" line="478" name="test_bonsai_configure_key_option" time="0.0107100009918"></testcase><testcase classname="bonsai_cli.test_bonsai.TestMockedBrainCommand" file="bonsai_cli/test_bonsai.py" line="501" name="test_bonsai_configure_show_option" time="0.01740193367"></testcase><testcase classname="bonsai_cli.test_bonsai.TestMockedBrainCommand" file="bonsai_cli/test_bonsai.py" line="519" name="test_bonsai_switch_new_profile" time="0.0115103721619"></testcase><testcase classname="bonsai_cli.test_bonsai.TestMockedBrainCommand" file="bonsai_cli/test_bonsai.py" line="557" name="test_bonsai_switch_prints_available_profiles" time="0.0135233402252"></testcase><testcase classname="bonsai_cli.test_bonsai.TestMockedBrainCommand" file="bonsai_cli/test_bonsai.py" line="545" name="test_bonsai_switch_profile_with_show_option" time="0.0120570659637"></testcase><testcase classname="bonsai_cli.test_bonsai.TestMockedBrainCommand" file="bonsai_cli/test_bonsai.py" line="571" name="test_bonsai_switch_show_prints_active_profile" time="0.00972986221313"></testcase><testcase classname="bonsai_cli.test_bonsai.TestMockedBrainCommand" file="bonsai_cli/test_bonsai.py" line="534" name="test_bonsai_switch_valid_profile" time="0.0109779834747"></testcase><testcase classname="bonsai_cli.test_bonsai.TestMockedBrainCommand" file="bonsai_cli/test_bonsai.py" line="221" name="test_brain_create" time="0.0171930789948"></testcase><testcase classname="bonsai_cli.test_bonsai.TestMockedBrainCommand" file="bonsai_cli/test_bonsai.py" line="258" name="test_brain_create_default_brain" time="0.00544619560242"></testcase><testcase classname="bonsai_cli.test_bonsai.TestMockedBrainCommand" file="bonsai_cli/test_bonsai.py" line="340" name="test_brain_create_invalid_dotbrains" time="0.006178855896"></testcase><testcase classname="bonsai_cli.test_bonsai.TestMockedBrainCommand" file="bonsai_cli/test_bonsai.py" line="425" name="test_brain_create_invalid_json" time="0.00711226463318"></testcase><testcase classname="bonsai_cli.test_bonsai.TestMockedBrainCommand" file="bonsai_cli/test_bonsai.py" line="326" name="test_brain_create_invalid_project_file" time="0.00619721412659"></testcase><testcase classname="bonsai_cli.test_bonsai.TestMockedBrainCommand" file="bonsai_cli/test_bonsai.py" line="272" name="test_brain_create_json_option" time="0.00837016105652"></testcase><testcase classname="bonsai_cli.test_bonsai.TestMockedBrainCommand" file="bonsai_cli/test_bonsai.py" line="1077" name="test_brain_create_sets_default" time="0.00975918769836"></testcase><testcase classname="bonsai_cli.test_bonsai.TestMockedBrainCommand" file="bonsai_cli/test_bonsai.py" line="284" name="test_brain_create_with_existing_project_file" time="0.0103220939636"></testcase><testcase classname="bonsai_cli.test_bonsai.TestMockedBrainCommand" file="bonsai_cli/test_bonsai.py" line="351" name="test_brain_create_with_project_type" time="0.0122771263123"></testcase><testcase classname="bonsai_cli.test_bonsai.TestMockedBrainCommand" file="bonsai_cli/test_bonsai.py" line="406" name="test_brain_create_with_project_type_nonempty_directory" time="0.00682616233826"></testcase><testcase classname="bonsai_cli.test_bonsai.TestMockedBrainCommand" file="bonsai_cli/test_bonsai.py" line="376" name="test_brain_create_with_unknown_project_type" time="0.00692105293274"></testcase><testcase classname="bonsai_cli.test_bonsai.TestMockedBrainCommand" file="bonsai_cli/test_bonsai.py" line="196" name="test_brain_delete" time="0.00799107551575"></testcase><testcase classname="bonsai_cli.test_bonsai.TestMockedBrainCommand" file="bonsai_cli/test_bonsai.py" line="84" name="test_brain_download" time="0.010410785675"></testcase><testcase classname="bonsai_cli.test_bonsai.TestMockedBrainCommand" file="bonsai_cli/test_bonsai.py" line="107" name="test_brain_download_invalid_dotbrains" time="0.00748920440674"></testcase><testcase classname="bonsai_cli.test_bonsai.TestMockedBrainCommand" file="bonsai_cli/test_bonsai.py" line="641" name="test_brain_list_json_option" time="0.00230002403259"></testcase><testcase classname="bonsai_cli.test_bonsai.TestMockedBrainCommand" file="bonsai_cli/test_bonsai.py" line="614" name="test_brain_list_no_dotbrains" time="0.00370597839355"></testcase><testcase classname="bonsai_cli.test_bonsai.TestMockedBrainCommand" file="bonsai_cli/test_bonsai.py" line="583" name="test_brain_list_with_dotbrains" time="0.00544309616089"></testcase><testcase classname="bonsai_cli.test_bonsai.TestMockedBrainCommand" file="bonsai_cli/test_bonsai.py" line="1123" name="test_brain_option_sims_list" time="0.0109159946442"></testcase><testcase classname="bonsai_cli.test_bonsai.TestMockedBrainCommand" file="bonsai_cli/test_bonsai.py" line="1126" name="test_brain_option_train_start" time="0.0160982608795"></testcase><testcase classname="bonsai_cli.test_bonsai.TestMockedBrainCommand" file="bonsai_cli/test_bonsai.py" line="1136" name="test_brain_option_train_status" time="0.0100939273834"></testcase><testcase classname="bonsai_cli.test_bonsai.TestMockedBrainCommand" file="bonsai_cli/test_bonsai.py" line="1133" name="test_brain_option_train_stop" time="0.0111119747162"></testcase><testcase classname="bonsai_cli.test_bonsai.TestMockedBrainCommand" file="bonsai_cli/test_bonsai.py" line="118" name="test_brain_pull_all" time="0.00784611701965"></testcase><testcase classname="bonsai_cli.test_bonsai.TestMockedBrainCommand" file="bonsai_cli/test_bonsai.py" line="174" name="test_brain_pull_fail" time="0.00764179229736"></testcase><testcase classname="bonsai_cli.test_bonsai.TestMockedBrainCommand" file="bonsai_cli/test_bonsai.py" line="184" name="test_brain_pull_invalid_brains" time="0.0065450668335"></testcase><testcase classname="bonsai_cli.test_bonsai.TestMockedBrainCommand" file="bonsai_cli/test_bonsai.py" line="155" name="test_brain_pull_no" time="0.00789189338684"></testcase><testcase classname="bonsai_cli.test_bonsai.TestMockedBrainCommand" file="bonsai_cli/test_bonsai.py" line="136" name="test_brain_pull_yes" time="0.00940489768982"></testcase><testcase classname="bonsai_cli.test_bonsai.TestMockedBrainCommand" file="bonsai_cli/test_bonsai.py" line="655" name="test_brain_push" time="0.0118479728699"></testcase><testcase classname="bonsai_cli.test_bonsai.TestMockedBrainCommand" file="bonsai_cli/test_bonsai.py" line="827" name="test_brain_push_invalid_dotbrains" time="0.00729417800903"></testcase><testcase classname="bonsai_cli.test_bonsai.TestMockedBrainCommand" file="bonsai_cli/test_bonsai.py" line="788" name="test_brain_push_invalid_inkling" time="0.0120325088501"></testcase><testcase classname="bonsai_cli.test_bonsai.TestMockedBrainCommand" file="bonsai_cli/test_bonsai.py" line="755" name="test_brain_push_invalid_json_in_projfile" time="0.00820708274841"></testcase><testcase classname="bonsai_cli.test_bonsai.TestMockedBrainCommand" file="bonsai_cli/test_bonsai.py" line="884" name="test_brain_push_invalid_project_file" time="0.00861501693726"></testcase><testcase classname="bonsai_cli.test_bonsai.TestMockedBrainCommand" file="bonsai_cli/test_bonsai.py" line="704" name="test_brain_push_json_option" time="0.0125589370728"></testcase><testcase classname="bonsai_cli.test_bonsai.TestMockedBrainCommand" file="bonsai_cli/test_bonsai.py" line="774" name="test_brain_push_no_project_file" time="0.00642061233521"></testcase><testcase classname="bonsai_cli.test_bonsai.TestMockedBrainCommand" file="bonsai_cli/test_bonsai.py" line="838" name="test_project_option_brain_create" time="0.0104911327362"></testcase><testcase classname="bonsai_cli.test_bonsai.TestMockedBrainCommand" file="bonsai_cli/test_bonsai.py" line="858" name="test_project_option_brain_push" time="0.010528087616"></testcase><testcase classname="bonsai_cli.test_bonsai.TestMockedBrainCommand" file="bonsai_cli/test_bonsai.py" line="1233" name="test_project_option_missing_directory" time="0.00635600090027"></testcase><testcase classname="bonsai_cli.test_bonsai.TestMockedBrainCommand" file="bonsai_cli/test_bonsai.py" line="1222" name="test_project_option_missing_dotbrains" time="0.00666689872742"></testcase><testcase classname="bonsai_cli.test_bonsai.TestMockedBrainCommand" file="bonsai_cli/test_bonsai.py" line="1202" name="test_project_option_sims_list" time="0.00857305526733"></testcase><testcase classname="bonsai_cli.test_bonsai.TestMockedBrainCommand" file="bonsai_cli/test_bonsai.py" line="1192" name="test_project_option_train_start" time="0.0126709938049"></testcase><testcase classname="bonsai_cli.test_bonsai.TestMockedBrainCommand" file="bonsai_cli/test_bonsai.py" line="1189" name="test_project_option_train_status" time="0.0085985660553"></testcase><testcase classname="bonsai_cli.test_bonsai.TestMockedBrainCommand" file="bonsai_cli/test_bonsai.py" line="1199" name="test_project_option_train_stop" time="0.00644302368164"></testcase><testcase classname="bonsai_cli.test_bonsai.TestMockedBrainCommand" file="bonsai_cli/test_bonsai.py" line="1205" name="test_project_option_with_brain" time="0.00901627540588"></testcase><testcase classname="bonsai_cli.test_bonsai.TestMockedBrainCommand" file="bonsai_cli/test_bonsai.py" line="1161" name="test_sims_list_invalid_dotbrains" time="0.00594401359558"></testcase><testcase classname="bonsai_cli.test_bonsai.TestMockedBrainCommand" file="bonsai_cli/test_bonsai.py" line="1060" name="test_sims_list_json_option" time="0.00848603248596"></testcase><testcase classname="bonsai_cli.test_bonsai.TestMockedBrainCommand" file="bonsai_cli/test_bonsai.py" line="1243" name="test_timeout_option" time="0.00271773338318"></testcase><testcase classname="bonsai_cli.test_bonsai.TestMockedBrainCommand" file="bonsai_cli/test_bonsai.py" line="979" name="test_train_resume" time="0.0106990337372"></testcase><testcase classname="bonsai_cli.test_bonsai.TestMockedBrainCommand" file="bonsai_cli/test_bonsai.py" line="1032" name="test_train_resume_invalid_dotbrains" time="0.00710892677307"></testcase><testcase classname="bonsai_cli.test_bonsai.TestMockedBrainCommand" file="bonsai_cli/test_bonsai.py" line="996" name="test_train_resume_json_option" time="0.0091507434845"></testcase><testcase classname="bonsai_cli.test_bonsai.TestMockedBrainCommand" file="bonsai_cli/test_bonsai.py" line="1015" name="test_train_resume_remote" time="0.0137360095978"></testcase><testcase classname="bonsai_cli.test_bonsai.TestMockedBrainCommand" file="bonsai_cli/test_bonsai.py" line="900" name="test_train_start" time="0.0141279697418"></testcase><testcase classname="bonsai_cli.test_bonsai.TestMockedBrainCommand" file="bonsai_cli/test_bonsai.py" line="932" name="test_train_start_invalid_dotbrains" time="0.00875210762024"></testcase><testcase classname="bonsai_cli.test_bonsai.TestMockedBrainCommand" file="bonsai_cli/test_bonsai.py" line="943" name="test_train_start_json_option" time="0.00896120071411"></testcase><testcase classname="bonsai_cli.test_bonsai.TestMockedBrainCommand" file="bonsai_cli/test_bonsai.py" line="916" name="test_train_start_remote" time="0.0118308067322"></testcase><testcase classname="bonsai_cli.test_bonsai.TestMockedBrainCommand" file="bonsai_cli/test_bonsai.py" line="1139" name="test_train_status_invalid_dotbrains" time="0.00693535804749"></testcase><testcase classname="bonsai_cli.test_bonsai.TestMockedBrainCommand" file="bonsai_cli/test_bonsai.py" line="1043" name="test_train_status_json_option" time="0.00789713859558"></testcase><testcase classname="bonsai_cli.test_bonsai.TestMockedBrainCommand" file="bonsai_cli/test_bonsai.py" line="1150" name="test_train_stop_invalid_dotbrains" time="0.00645184516907"></testcase><testcase classname="bonsai_cli.test_bonsai.TestMockedBrainCommand" file="bonsai_cli/test_bonsai.py" line="961" name="test_train_stop_json_option" time="0.00762391090393"></testcase><testcase classname="bonsai_cli.test_bonsai.TestPyPiVersionRequest" file="bonsai_cli/test_bonsai.py" line="1273" name="test_get_pypi_version_invalid_url" time="0.000885963439941"></testcase><testcase classname="bonsai_cli.test_bonsai.TestPyPiVersionRequest" file="bonsai_cli/test_bonsai.py" line="1267" name="test_get_pypi_version_valid_url" time="0.000753164291382"></testcase><testcase classname="bonsai_cli.test_bonsai.TestPyPiVersionRequest" file="bonsai_cli/test_bonsai.py" line="1279" name="test_request_fail_cli_output" time="0.00179314613342"></testcase><testcase classname="bonsai_cli.test_bonsai.TestPyPiVersionRequest" file="bonsai_cli/test_bonsai.py" line="1286" name="test_version_not_up_to_date_cli_output" time="0.002032995224"></testcase><testcase classname="bonsai_cli.test_bonsai.TestPyPiVersionRequest" file="bonsai_cli/test_bonsai.py" line="1293" name="test_version_up_to_date_cli_output" time="0.00175309181213"></testcase><testcase classname="bonsai_cli.test_bonsai.TestSysInfo" file="bonsai_cli/test_bonsai.py" line="1315" name="test_no_dotbonsai" time="0.0140297412872"><failure message="AssertionError: -1 != 0">self = &lt;bonsai_cli.test_bonsai.TestSysInfo testMethod=test_no_dotbonsai&gt;

    def test_no_dotbonsai(self):
        with self.runner.isolated_filesystem():
            # store current .bonsai in isolated_filesystem
            path = os.path.expanduser(&apos;~/.bonsai&apos;)
            if os.path.isfile(path):
                copyfile(path, self.BONSAI_BACKUP)
                os.remove(path)
    
            result = self.runner.invoke(cli, [&apos;--sysinfo&apos;])
&gt;           self.assertEqual(result.exit_code, SUCCESS_EXIT_CODE)
E           AssertionError: -1 != 0

bonsai_cli/test_bonsai.py:1325: AssertionError</failure></testcase><testcase classname="bonsai_cli.test_bonsai.TestSysInfo" file="bonsai_cli/test_bonsai.py" line="1308" name="test_sysinfo" time="0.00180077552795"><failure message="AssertionError: -1 != 0">self = &lt;bonsai_cli.test_bonsai.TestSysInfo testMethod=test_sysinfo&gt;

    def test_sysinfo(self):
        result = self.runner.invoke(cli, [&apos;--sysinfo&apos;])
&gt;       self.assertEqual(result.exit_code, SUCCESS_EXIT_CODE)
E       AssertionError: -1 != 0

bonsai_cli/test_bonsai.py:1311: AssertionError</failure></testcase><testcase classname="bonsai_cli.test_dotbrains.TestDotBrains" file="bonsai_cli/test_dotbrains.py" line="18" name="test_add_brain" time="0.00741147994995"></testcase><testcase classname="bonsai_cli.test_dotbrains.TestDotBrains" file="bonsai_cli/test_dotbrains.py" line="33" name="test_change_default" time="0.00280976295471"></testcase><testcase classname="bonsai_cli.test_dotbrains.TestDotBrains" file="bonsai_cli/test_dotbrains.py" line="13" name="test_dotbrains_does_not_exist" time="0.00123381614685"></testcase><testcase classname="bonsai_cli.test_dotbrains.TestDotBrains" file="bonsai_cli/test_dotbrains.py" line="48" name="test_get_default" time="0.0025691986084"></testcase><testcase classname="bonsai_cli.test_projfile.TestProjectFile" file="bonsai_cli/test_projfile.py" line="155" name="test_glob_advanced" time="0.00343608856201"></testcase><testcase classname="bonsai_cli.test_projfile.TestProjectFile" file="bonsai_cli/test_projfile.py" line="135" name="test_glob_specified" time="0.00249218940735"></testcase><testcase classname="bonsai_cli.test_projfile.TestProjectFile" file="bonsai_cli/test_projfile.py" line="37" name="test_inkling_conflict" time="0.00197339057922"></testcase><testcase classname="bonsai_cli.test_projfile.TestProjectFile" file="bonsai_cli/test_projfile.py" line="107" name="test_inkling_glob" time="0.00161743164062"></testcase><testcase classname="bonsai_cli.test_projfile.TestProjectFile" file="bonsai_cli/test_projfile.py" line="23" name="test_inkling_specified" time="0.00184893608093"></testcase><testcase classname="bonsai_cli.test_projfile.TestProjectFile" file="bonsai_cli/test_projfile.py" line="46" name="test_inkling_subdir" time="0.00240302085876"></testcase><testcase classname="bonsai_cli.test_projfile.TestProjectFile" file="bonsai_cli/test_projfile.py" line="31" name="test_missing_inkling" time="0.00165176391602"></testcase><testcase classname="bonsai_cli.test_projfile.TestProjectFile" file="bonsai_cli/test_projfile.py" line="56" name="test_outside_dir" time="0.00248599052429"></testcase><testcase classname="bonsai_cli.test_projfile.TestProjectFile" file="bonsai_cli/test_projfile.py" line="118" name="test_recursive_glob" time="0.00274014472961"></testcase><testcase classname="bonsai_cli.test_projfile.TestProjectFile" file="bonsai_cli/test_projfile.py" line="14" name="test_single_inkling" time="0.00185489654541"></testcase><testcase classname="bonsai_cli.test_projfile.TestProjectFile" file="bonsai_cli/test_projfile.py" line="90" name="test_wildcard_does_not_include_git_files" time="0.00819611549377"></testcase><testcase classname="bonsai_cli.test_projfile.TestProjectFile" file="bonsai_cli/test_projfile.py" line="72" name="test_write_same_order_files" time="0.0058228969574"></testcase></testsuite>